{"name": "测试用例2", "status": "failed", "statusDetails": {"message": "AssertionError: assert 10 == 11", "trace": "self = <test_demo.Test_demo object at 0x0000020E3BF4A290>\n\n    @allure.step('测试的步骤')\n    @allure.title('测试用例2')\n    def test_demo2(self):\n        # log.debug(\"测试BUG\")\n>       assert 10 == 11\nE       assert 10 == 11\n\ntestcase\\demo\\test_demo.py:37: AssertionError"}, "steps": [{"name": "测试的步骤", "status": "failed", "statusDetails": {"message": "AssertionError: assert 10 == 11\n", "trace": "  File \"C:\\Users\\WR\\Desktop\\icd-test-tool-master\\venv\\Lib\\site-packages\\allure_commons\\_allure.py\", line 192, in impl\n    return func(*a, **kw)\n           ^^^^^^^^^^^^^^\n  File \"C:\\Users\\WR\\Desktop\\icd-test-tool\\testcase\\demo\\test_demo.py\", line 37, in test_demo2\n    assert 10 == 11\n"}, "start": 1679896319542, "stop": 1679896319542}], "start": 1679896319542, "stop": 1679896319543, "uuid": "fcbdc358-2fc3-48fe-9138-62ebc7c0fdc1", "historyId": "a4c3952bfc0b5efc751ef65f4254d840", "testCaseId": "1d11b4eb836be018135018dc9c87b8f3", "fullName": "testcase.demo.test_demo.Test_demo#test_demo2", "labels": [{"name": "story", "value": "故事描述"}, {"name": "parentSuite", "value": "我是父套件"}, {"name": "feature", "value": "功能描述"}, {"name": "subSuite", "value": "我是孙子套件"}, {"name": "suite", "value": "我是儿子套件"}, {"name": "epic", "value": "功能总体描述"}, {"name": "host", "value": "WINDOWS-I3APRBK"}, {"name": "thread", "value": "14800-MainThread"}, {"name": "framework", "value": "pytest"}, {"name": "language", "value": "cpython3"}, {"name": "package", "value": "testcase.demo.test_demo"}]}